{
  "Cucumber Features": {
    "coverage": {
      "E:/dev/rubyws/si2/app/controllers/application_controller.rb": [
        1,
        1,
        null
      ],
      "E:/dev/rubyws/si2/app/helpers/application_helper.rb": [
        1,
        null
      ],
      "E:/dev/rubyws/si2/app/helpers/home_helper.rb": [
        1,
        null
      ],
      "E:/dev/rubyws/si2/app/helpers/users_helper.rb": [
        1,
        null
      ],
      "E:/dev/rubyws/si2/app/controllers/home_controller.rb": [
        1,
        1,
        2,
        null,
        null,
        1,
        0,
        0,
        0,
        0,
        0,
        0,
        0,
        null,
        0,
        null,
        null,
        null
      ],
      "E:/dev/rubyws/si2/app/controllers/users_controller.rb": [
        1,
        null,
        null,
        1,
        0,
        null,
        0,
        0,
        0,
        null,
        null,
        null,
        null,
        null,
        1,
        0,
        null,
        0,
        0,
        0,
        null,
        null,
        null,
        null,
        null,
        1,
        0,
        null,
        0,
        0,
        0,
        null,
        null,
        null,
        null,
        1,
        0,
        null,
        null,
        null,
        null,
        1,
        0,
        null,
        0,
        0,
        0,
        0,
        null,
        0,
        0,
        null,
        null,
        null,
        null,
        null,
        null,
        1,
        0,
        null,
        0,
        0,
        0,
        0,
        null,
        0,
        0,
        null,
        null,
        null,
        null,
        null,
        null,
        1,
        0,
        0,
        null,
        0,
        0,
        0,
        null,
        null,
        null
      ],
      "E:/dev/rubyws/si2/app/models/user.rb": [
        1,
        1,
        1,
        0,
        0,
        0,
        0,
        null,
        null,
        null,
        null,
        null
      ]
    },
    "timestamp": 1352029241
  },
  "RSpec": {
    "coverage": {
      "E:/dev/rubyws/si2/app/controllers/application_controller.rb": [
        1,
        1,
        null
      ],
      "E:/dev/rubyws/si2/app/helpers/application_helper.rb": [
        1,
        null
      ],
      "E:/dev/rubyws/si2/app/helpers/home_helper.rb": [
        1,
        null
      ],
      "E:/dev/rubyws/si2/app/helpers/users_helper.rb": [
        1,
        null
      ],
      "E:/dev/rubyws/si2/app/controllers/home_controller.rb": [
        1,
        1,
        0,
        null,
        null,
        1,
        3,
        3,
        3,
        3,
        3,
        1,
        1,
        null,
        2,
        null,
        null,
        null
      ],
      "E:/dev/rubyws/si2/app/controllers/users_controller.rb": [
        1,
        null,
        null,
        1,
        0,
        null,
        0,
        0,
        0,
        null,
        null,
        null,
        null,
        null,
        1,
        0,
        null,
        0,
        0,
        0,
        null,
        null,
        null,
        null,
        null,
        1,
        0,
        null,
        0,
        0,
        0,
        null,
        null,
        null,
        null,
        1,
        0,
        null,
        null,
        null,
        null,
        1,
        0,
        null,
        0,
        0,
        0,
        0,
        null,
        0,
        0,
        null,
        null,
        null,
        null,
        null,
        null,
        1,
        0,
        null,
        0,
        0,
        0,
        0,
        null,
        0,
        0,
        null,
        null,
        null,
        null,
        null,
        null,
        1,
        0,
        0,
        null,
        0,
        0,
        0,
        null,
        null,
        null
      ],
      "E:/dev/rubyws/si2/app/models/user.rb": [
        1,
        1,
        1,
        2,
        2,
        1,
        1,
        null,
        null,
        null,
        null,
        null
      ]
    },
    "timestamp": 1352028687
  }
}
